[2017-04-20 13:06:31]	Open file failed 
[2017-04-20 13:06:31]	1.txt
[2017-04-20 15:44:06]	Open file failed 
[2017-04-20 15:44:06]	1
[2017-04-20 15:44:06]	Open file failed 
[2017-04-20 15:44:06]	1
[2017-04-20 15:44:06]	Open file failed 
[2017-04-20 15:44:06]	1
[2017-04-20 15:52:48]	Open file failed 
[2017-04-20 15:52:48]	Tests/
[2017-04-20 15:52:48]	Open file failed 
[2017-04-20 15:52:48]	Tests/
[2017-04-20 15:52:48]	Open file failed 
[2017-04-20 15:52:48]	Tests/
[2017-04-20 15:53:29]	Open file failed 
[2017-04-20 15:53:29]	Tests/..
[2017-04-20 15:53:29]	Open file failed 
[2017-04-20 15:53:29]	Tests/...
[2017-04-20 15:53:29]	Open file failed 
[2017-04-20 15:53:29]	Tests/...1.txt
[2017-04-20 16:03:34]	Open file failed 
[2017-04-20 16:03:34]	Tests/..
[2017-04-20 16:03:34]	Open file failed 
[2017-04-20 16:03:34]	Tests/...
[2017-04-20 16:03:34]	Open file failed 
[2017-04-20 16:03:34]	Tests/...1.txt
[2017-04-20 16:04:52]	Open file failed 
[2017-04-20 16:04:52]	Tests/..
[2017-04-20 16:04:52]	Open file failed 
[2017-04-20 16:04:52]	Tests/...
[2017-04-20 16:04:52]	Open file failed 
[2017-04-20 16:04:52]	Tests/...1.txt
[2017-04-20 16:05:18]	Open file failed 
[2017-04-20 16:05:18]	Tests/..
[2017-04-20 16:05:18]	Open file failed 
[2017-04-20 16:05:18]	Tests/...
[2017-04-20 16:05:18]	Open file failed 
[2017-04-20 16:05:18]	Tests/...1.txt
[2017-04-20 16:08:31]	Open file failed 
[2017-04-20 16:08:31]	Tests/..
[2017-04-20 16:08:31]	Open file failed 
[2017-04-20 16:08:31]	Tests/...
[2017-04-20 16:08:31]	Open file failed 
[2017-04-20 16:08:31]	Tests/...1.txt
[2017-04-20 16:09:00]	Open file failed 
[2017-04-20 16:09:00]	Tests/..
[2017-04-20 16:09:00]	Open file failed 
[2017-04-20 16:09:00]	Tests/...
[2017-04-20 16:09:00]	Open file failed 
[2017-04-20 16:09:00]	Tests/...1.txt
[2017-04-20 16:09:16]	Open file failed 
[2017-04-20 16:09:16]	Tests/..
[2017-04-20 16:09:16]	Open file failed 
[2017-04-20 16:09:16]	Tests/...
[2017-04-20 16:09:16]	Open file failed 
[2017-04-20 16:09:16]	Tests/...1.txt
[2017-04-20 16:15:45]	Open file failed 
[2017-04-20 16:15:45]	1.txt
[2017-04-20 16:16:11]	Open file failed 
[2017-04-20 16:16:11]	Tests/1.txt
[2017-04-20 16:16:32]	Open file failed 
[2017-04-20 16:16:32]	Tests/1.txt
[2017-04-20 16:16:53]	Open file failed 
[2017-04-20 16:16:53]	./Tests/1.txt
[2017-04-20 16:22:59]	Open file failed 
[2017-04-20 16:22:59]	./Texts/2.txt1.txt
[2017-04-20 16:23:51]	Open file failed 
[2017-04-20 16:23:51]	./Texts/2.txt1.txt
[2017-04-20 16:24:21]	Open file failed 
[2017-04-20 16:24:21]	./Texts/2.txt1.txt
[2017-04-20 16:25:28]	Open file failed 
[2017-04-20 16:25:28]	./Texts/2.txt1.txt
[2017-04-20 16:25:46]	Open file failed 
[2017-04-20 16:25:46]	./Texts/2.txt1.txt
[2017-04-20 16:26:00]	Open file failed 
[2017-04-20 16:26:00]	./Texts/2.txt1.txt
[2017-04-20 16:27:27]	Open file failed 
[2017-04-20 16:27:27]	./Texts/2.txt1.txt
[2017-04-20 16:48:06]	Open file failed 
[2017-04-20 16:48:06]	./Texts/2.txt1.txt
[2017-04-20 16:49:43]	Open file failed 
[2017-04-20 16:49:43]	./Texts/2.txt1.txt
[2017-04-20 16:50:04]	Open file failed 
[2017-04-20 16:50:04]	./Texts/2.txt1.txt
[2017-04-20 16:52:46]	Open file failed 
[2017-04-20 16:52:46]	./Texts/2.txt1.txt
