[2017-04-18 16:02:49]	/home/maohao/下载/nlpir/Data/NLPIR.user Not valid license or your license expired! Please feel free to contact pipy_zhang@msn.com! 
[2017-04-18 16:04:05]	/home/maohao/下载/nlpir/Data/NLPIR.user Not valid license or your license expired! Please feel free to contact pipy_zhang@msn.com! 
[2017-04-18 16:04:09]	/home/maohao/下载/nlpir/Data/NLPIR.user Not valid license or your license expired! Please feel free to contact pipy_zhang@msn.com! 
[2017-04-18 16:04:29]	/home/maohao/下载/nlpir/Data/NLPIR.user Not valid license or your license expired! Please feel free to contact pipy_zhang@msn.com! 
[2017-04-18 16:05:51]	/home/maohao/下载/nlpir/Data/NLPIR.user Not valid license or your license expired! Please feel free to contact pipy_zhang@msn.com! 
[2017-04-18 16:05:53]	/home/maohao/下载/nlpir/Data/NLPIR.user Not valid license or your license expired! Please feel free to contact pipy_zhang@msn.com! 
[2017-04-18 16:06:00]	/home/maohao/下载/nlpir/Data/NLPIR.user Not valid license or your license expired! Please feel free to contact pipy_zhang@msn.com! 
[2017-04-18 16:06:36]	/home/maohao/下载/nlpir/Data/NLPIR.user Not valid license or your license expired! Please feel free to contact pipy_zhang@msn.com! 
[2017-04-18 16:14:06]	/home/maohao/下载/nlpir/Data/NLPIR.user Not valid license or your license expired! Please feel free to contact pipy_zhang@msn.com! 
[2017-04-18 16:14:16]	/home/maohao/下载/nlpir/Data/NLPIR.user Not valid license or your license expired! Please feel free to contact pipy_zhang@msn.com! 
[2017-04-18 21:15:46]	Cannot open file 
[2017-04-18 21:15:46]	/home/maohao/下载/nlpir/Data/KeyBlackList.pdat
[2017-04-18 21:16:04]	Cannot open file 
[2017-04-18 21:16:04]	/home/maohao/下载/nlpir/Data/KeyBlackList.pdat
[2017-04-18 21:22:40]	Cannot open file 
[2017-04-18 21:22:40]	/home/maohao/下载/nlpir/Data/KeyBlackList.pdat
[2017-04-18 21:24:01]	Cannot open file 
[2017-04-18 21:24:01]	/home/maohao/下载/nlpir/Data/KeyBlackList.pdat
[2017-04-18 21:25:08]	Cannot open file 
[2017-04-18 21:25:08]	/home/maohao/下载/nlpir/Data/KeyBlackList.pdat
[2017-04-18 21:32:38]	Cannot open file 
[2017-04-18 21:32:38]	/home/maohao/下载/nlpir/Data/KeyBlackList.pdat
[2017-04-18 21:32:38]	Error read file
[2017-04-18 21:32:38]	text.txt
[2017-04-18 21:32:59]	Cannot open file 
[2017-04-18 21:32:59]	/home/maohao/下载/nlpir/Data/KeyBlackList.pdat
[2017-04-18 21:32:59]	Error read file
[2017-04-18 21:32:59]	text.txt
[2017-04-18 21:34:26]	Cannot open file 
[2017-04-18 21:34:26]	/home/maohao/下载/nlpir/Data/KeyBlackList.pdat
[2017-04-18 21:34:26]	Error read file
[2017-04-18 21:34:26]	text.txt
[2017-04-18 21:34:52]	Cannot open file 
[2017-04-18 21:34:52]	/home/maohao/下载/nlpir/Data/KeyBlackList.pdat
[2017-04-18 21:35:20]	Cannot open file 
[2017-04-18 21:35:20]	/home/maohao/下载/nlpir/Data/KeyBlackList.pdat
[2017-04-18 21:37:52]	Cannot open file 
[2017-04-18 21:37:52]	/home/maohao/下载/nlpir/Data/KeyBlackList.pdat
[2017-04-18 21:51:21]	Cannot open file 
[2017-04-18 21:51:21]	/home/maohao/下载/nlpir/Data/KeyBlackList.pdat
[2017-04-18 21:51:32]	Cannot open file 
[2017-04-18 21:51:32]	/home/maohao/下载/nlpir/Data/KeyBlackList.pdat
[2017-04-18 21:51:41]	Cannot open file 
[2017-04-18 21:51:41]	/home/maohao/下载/nlpir/Data/KeyBlackList.pdat
[2017-04-18 21:51:44]	Cannot open file 
[2017-04-18 21:51:44]	/home/maohao/下载/nlpir/Data/KeyBlackList.pdat
[2017-04-18 21:53:36]	Cannot open file 
[2017-04-18 21:53:36]	/home/maohao/下载/nlpir/Data/KeyBlackList.pdat
[2017-04-18 21:53:45]	Cannot open file 
[2017-04-18 21:53:45]	/home/maohao/下载/nlpir/Data/KeyBlackList.pdat
[2017-04-18 21:53:52]	Cannot open file 
[2017-04-18 21:53:52]	/home/maohao/下载/nlpir/Data/KeyBlackList.pdat
[2017-04-18 21:55:45]	Cannot open file 
[2017-04-18 21:55:45]	/home/maohao/下载/nlpir/Data/KeyBlackList.pdat
[2017-04-18 21:55:47]	Cannot open file 
[2017-04-18 21:55:47]	/home/maohao/下载/nlpir/Data/KeyBlackList.pdat
[2017-04-18 21:55:48]	Cannot open file 
[2017-04-18 21:55:48]	/home/maohao/下载/nlpir/Data/KeyBlackList.pdat
[2017-04-18 21:55:49]	Cannot open file 
[2017-04-18 21:55:49]	/home/maohao/下载/nlpir/Data/KeyBlackList.pdat
[2017-04-18 21:55:50]	Cannot open file 
[2017-04-18 21:55:50]	/home/maohao/下载/nlpir/Data/KeyBlackList.pdat
[2017-04-18 21:55:50]	Cannot open file 
[2017-04-18 21:55:50]	/home/maohao/下载/nlpir/Data/KeyBlackList.pdat
[2017-04-18 21:55:51]	Cannot open file 
[2017-04-18 21:55:51]	/home/maohao/下载/nlpir/Data/KeyBlackList.pdat
[2017-04-18 21:55:52]	Cannot open file 
[2017-04-18 21:55:52]	/home/maohao/下载/nlpir/Data/KeyBlackList.pdat
[2017-04-18 21:55:52]	Cannot open file 
[2017-04-18 21:55:52]	/home/maohao/下载/nlpir/Data/KeyBlackList.pdat
[2017-04-18 21:55:53]	Cannot open file 
[2017-04-18 21:55:53]	/home/maohao/下载/nlpir/Data/KeyBlackList.pdat
[2017-04-18 21:55:54]	Cannot open file 
[2017-04-18 21:55:54]	/home/maohao/下载/nlpir/Data/KeyBlackList.pdat
[2017-04-18 21:55:54]	Cannot open file 
[2017-04-18 21:55:54]	/home/maohao/下载/nlpir/Data/KeyBlackList.pdat
[2017-04-18 21:55:55]	Cannot open file 
[2017-04-18 21:55:55]	/home/maohao/下载/nlpir/Data/KeyBlackList.pdat
[2017-04-18 21:57:17]	Cannot open file 
[2017-04-18 21:57:17]	/home/maohao/下载/nlpir/Data/KeyBlackList.pdat
[2017-04-18 22:01:50]	Cannot open file 
[2017-04-18 22:01:50]	/home/maohao/下载/nlpir/Data/KeyBlackList.pdat
[2017-04-18 22:10:45]	Cannot open file 
[2017-04-18 22:10:45]	/home/maohao/下载/nlpir/Data/KeyBlackList.pdat
[2017-04-18 22:10:46]	Cannot open file 
[2017-04-18 22:10:46]	/home/maohao/下载/nlpir/Data/KeyBlackList.pdat
[2017-04-18 22:24:42]	Cannot open file 
[2017-04-18 22:24:42]	/home/maohao/下载/nlpir/Data/KeyBlackList.pdat
[2017-04-18 22:25:03]	Cannot open file 
[2017-04-18 22:25:03]	/home/maohao/下载/nlpir/Data/KeyBlackList.pdat
[2017-04-18 22:25:22]	Cannot open file 
[2017-04-18 22:25:22]	/home/maohao/下载/nlpir/Data/KeyBlackList.pdat
[2017-04-18 22:25:45]	Cannot open file 
[2017-04-18 22:25:45]	/home/maohao/下载/nlpir/Data/KeyBlackList.pdat
[2017-04-18 23:19:23]	Cannot open file 
[2017-04-18 23:19:23]	/home/maohao/下载/nlpir/Data/KeyBlackList.pdat
